-------------------------------------------------------------------------------
Test set: com.eattingapp.EattingappApplicationTests
-------------------------------------------------------------------------------
Tests run: 1, Failures: 1, Errors: 0, Skipped: 0, Time elapsed: 2.244 s <<< FAILURE! - in com.eattingapp.EattingappApplicationTests
shouldReturnDefaultMessage  Time elapsed: 0.358 s  <<< FAILURE!
java.lang.AssertionError: Response content expected:<het> but was:<>
	at com.eattingapp.EattingappApplicationTests.shouldReturnDefaultMessage(EattingappApplicationTests.java:39)

